Build started 1/27/2016 2:50:57 PM.
     1>Project "C:\Users\TheHollowManV\Documents\Visual Studio 2012\Projects\square\square\square.vcxproj" on node 2 (Build target(s)).
     1>ClCompile:
         C:\Program Files (x86)\Microsoft Visual Studio 11.0\VC\bin\CL.exe /c /I"C:\dev\glew-1.13.0\include" /IC:\dev\freeglut\include /ZI /nologo /W3 /WX- /sdl /Od /Oy- /D WIN32 /D _DEBUG /D _CONSOLE /D _UNICODE /D UNICODE /D _CRT_SECURE_NO_WARNINGS /Gm /EHsc /RTC1 /MTd /GS /fp:precise /Zc:wchar_t /Zc:forScope /Yu"stdafx.h" /Fp"Debug\square.pch" /Fo"Debug\\" /Fd"Debug\vc110.pdb" /Gd /TP /analyze- /errorReport:prompt GUI.cpp
         GUI.cpp
     1>c:\users\thehollowmanv\documents\visual studio 2012\projects\square\square\gui.cpp(278): warning C4244: 'argument' : conversion from 'GLfloat' to 'GLsizei', possible loss of data
     1>c:\users\thehollowmanv\documents\visual studio 2012\projects\square\square\gui.cpp(349): warning C4244: '+=' : conversion from 'float' to 'int', possible loss of data
     1>c:\users\thehollowmanv\documents\visual studio 2012\projects\square\square\gui.cpp(352): warning C4244: '=' : conversion from 'float' to 'int', possible loss of data
     1>c:\users\thehollowmanv\documents\visual studio 2012\projects\square\square\gui.cpp(357): warning C4244: '+=' : conversion from 'float' to 'int', possible loss of data
     1>c:\users\thehollowmanv\documents\visual studio 2012\projects\square\square\gui.cpp(360): warning C4244: '=' : conversion from 'float' to 'int', possible loss of data
     1>c:\users\thehollowmanv\documents\visual studio 2012\projects\square\square\gui.cpp(369): warning C4244: '-=' : conversion from 'float' to 'int', possible loss of data
     1>c:\users\thehollowmanv\documents\visual studio 2012\projects\square\square\gui.cpp(372): warning C4244: '=' : conversion from 'float' to 'int', possible loss of data
     1>c:\users\thehollowmanv\documents\visual studio 2012\projects\square\square\gui.cpp(377): warning C4244: '-=' : conversion from 'float' to 'int', possible loss of data
     1>c:\users\thehollowmanv\documents\visual studio 2012\projects\square\square\gui.cpp(380): warning C4244: '=' : conversion from 'float' to 'int', possible loss of data
     1>c:\users\thehollowmanv\documents\visual studio 2012\projects\square\square\gui.cpp(444): warning C4244: 'argument' : conversion from 'float' to 'int', possible loss of data
     1>c:\users\thehollowmanv\documents\visual studio 2012\projects\square\square\gui.cpp(445): warning C4244: 'argument' : conversion from 'float' to 'int', possible loss of data
     1>c:\users\thehollowmanv\documents\visual studio 2012\projects\square\square\gui.cpp(449): warning C4244: 'argument' : conversion from 'float' to 'int', possible loss of data
     1>c:\users\thehollowmanv\documents\visual studio 2012\projects\square\square\gui.cpp(450): warning C4244: 'argument' : conversion from 'float' to 'int', possible loss of data
       Link:
         C:\Program Files (x86)\Microsoft Visual Studio 11.0\VC\bin\link.exe /ERRORREPORT:PROMPT /OUT:"C:\Users\TheHollowManV\Documents\Visual Studio 2012\Projects\square\Debug\square.exe" /INCREMENTAL /NOLOGO /LIBPATH:"C:\dev\glew-1.13.0\lib\Release\Win32" /LIBPATH:C:\dev\freeglut\lib glew32.lib freeglut.lib /MANIFEST /MANIFESTUAC:"level='asInvoker' uiAccess='false'" /manifest:embed /manifestinput:"C:\Program Files (x86)\Microsoft Visual Studio 11.0\VC\Include\Manifest\dpiaware.manifest" /DEBUG /PDB:"C:\Users\TheHollowManV\Documents\Visual Studio 2012\Projects\square\Debug\square.pdb" /SUBSYSTEM:CONSOLE /TLBID:1 /DYNAMICBASE /NXCOMPAT /IMPLIB:"C:\Users\TheHollowManV\Documents\Visual Studio 2012\Projects\square\Debug\square.lib" /MACHINE:X86 Debug\GUI.obj
         Debug\Paddle.obj
         Debug\Socket.obj
         Debug\square.obj
         Debug\stdafx.obj
         square.vcxproj -> C:\Users\TheHollowManV\Documents\Visual Studio 2012\Projects\square\Debug\square.exe
     1>Done Building Project "C:\Users\TheHollowManV\Documents\Visual Studio 2012\Projects\square\square\square.vcxproj" (Build target(s)).

Build succeeded.

Time Elapsed 00:00:01.62
