Build started 1/29/2016 1:14:01 PM.
     1>Project "C:\Users\TheHollowManV\Documents\Visual Studio 2012\Projects\pong\square\square.vcxproj" on node 2 (Build target(s)).
     1>ClCompile:
         C:\Program Files (x86)\Microsoft Visual Studio 11.0\VC\bin\CL.exe /c /I"C:\dev\glew-1.13.0\include" /IC:\dev\freeglut\include /ZI /nologo /W3 /WX- /sdl /Od /Oy- /D WIN32 /D _DEBUG /D _CONSOLE /D _UNICODE /D UNICODE /D _CRT_SECURE_NO_WARNINGS /Gm /EHsc /RTC1 /MTd /GS /fp:precise /Zc:wchar_t /Zc:forScope /Yc"stdafx.h" /Fp"Debug\Pong.pch" /Fo"Debug\\" /Fd"Debug\vc110.pdb" /Gd /TP /analyze- /errorReport:prompt stdafx.cpp
         stdafx.cpp
         C:\Program Files (x86)\Microsoft Visual Studio 11.0\VC\bin\CL.exe /c /I"C:\dev\glew-1.13.0\include" /IC:\dev\freeglut\include /ZI /nologo /W3 /WX- /sdl /Od /Oy- /D WIN32 /D _DEBUG /D _CONSOLE /D _UNICODE /D UNICODE /D _CRT_SECURE_NO_WARNINGS /Gm /EHsc /RTC1 /MTd /GS /fp:precise /Zc:wchar_t /Zc:forScope /Yu"stdafx.h" /Fp"Debug\Pong.pch" /Fo"Debug\\" /Fd"Debug\vc110.pdb" /Gd /TP /analyze- /errorReport:prompt GUI.cpp Paddle.cpp Socket.cpp pong.cpp
         pong.cpp
         Socket.cpp
         Paddle.cpp
         GUI.cpp
     1>c:\users\thehollowmanv\documents\visual studio 2012\projects\pong\square\gui.cpp(289): warning C4244: 'argument' : conversion from 'GLfloat' to 'GLsizei', possible loss of data
     1>c:\users\thehollowmanv\documents\visual studio 2012\projects\pong\square\gui.cpp(360): warning C4244: '+=' : conversion from 'float' to 'int', possible loss of data
     1>c:\users\thehollowmanv\documents\visual studio 2012\projects\pong\square\gui.cpp(363): warning C4244: '=' : conversion from 'float' to 'int', possible loss of data
     1>c:\users\thehollowmanv\documents\visual studio 2012\projects\pong\square\gui.cpp(368): warning C4244: '+=' : conversion from 'float' to 'int', possible loss of data
     1>c:\users\thehollowmanv\documents\visual studio 2012\projects\pong\square\gui.cpp(371): warning C4244: '=' : conversion from 'float' to 'int', possible loss of data
     1>c:\users\thehollowmanv\documents\visual studio 2012\projects\pong\square\gui.cpp(380): warning C4244: '-=' : conversion from 'float' to 'int', possible loss of data
     1>c:\users\thehollowmanv\documents\visual studio 2012\projects\pong\square\gui.cpp(383): warning C4244: '=' : conversion from 'float' to 'int', possible loss of data
     1>c:\users\thehollowmanv\documents\visual studio 2012\projects\pong\square\gui.cpp(388): warning C4244: '-=' : conversion from 'float' to 'int', possible loss of data
     1>c:\users\thehollowmanv\documents\visual studio 2012\projects\pong\square\gui.cpp(391): warning C4244: '=' : conversion from 'float' to 'int', possible loss of data
     1>c:\users\thehollowmanv\documents\visual studio 2012\projects\pong\square\gui.cpp(455): warning C4244: 'argument' : conversion from 'float' to 'int', possible loss of data
     1>c:\users\thehollowmanv\documents\visual studio 2012\projects\pong\square\gui.cpp(456): warning C4244: 'argument' : conversion from 'float' to 'int', possible loss of data
     1>c:\users\thehollowmanv\documents\visual studio 2012\projects\pong\square\gui.cpp(460): warning C4244: 'argument' : conversion from 'float' to 'int', possible loss of data
     1>c:\users\thehollowmanv\documents\visual studio 2012\projects\pong\square\gui.cpp(461): warning C4244: 'argument' : conversion from 'float' to 'int', possible loss of data
         Generating Code...
       Link:
         C:\Program Files (x86)\Microsoft Visual Studio 11.0\VC\bin\link.exe /ERRORREPORT:PROMPT /OUT:"C:\Users\TheHollowManV\Documents\Visual Studio 2012\Projects\pong\Debug\Pong.exe" /INCREMENTAL /NOLOGO /LIBPATH:"C:\dev\glew-1.13.0\lib\Release\Win32" /LIBPATH:C:\dev\freeglut\lib glew32.lib freeglut.lib /MANIFEST /MANIFESTUAC:"level='asInvoker' uiAccess='false'" /manifest:embed /manifestinput:"C:\Program Files (x86)\Microsoft Visual Studio 11.0\VC\Include\Manifest\dpiaware.manifest" /DEBUG /PDB:"C:\Users\TheHollowManV\Documents\Visual Studio 2012\Projects\pong\Debug\Pong.pdb" /SUBSYSTEM:CONSOLE /TLBID:1 /DYNAMICBASE /NXCOMPAT /IMPLIB:"C:\Users\TheHollowManV\Documents\Visual Studio 2012\Projects\pong\Debug\Pong.lib" /MACHINE:X86 Debug\GUI.obj
         Debug\Paddle.obj
         Debug\Socket.obj
         Debug\pong.obj
         Debug\stdafx.obj
         square.vcxproj -> C:\Users\TheHollowManV\Documents\Visual Studio 2012\Projects\pong\Debug\Pong.exe
     1>Done Building Project "C:\Users\TheHollowManV\Documents\Visual Studio 2012\Projects\pong\square\square.vcxproj" (Build target(s)).

Build succeeded.

Time Elapsed 00:00:02.77
